  Acre.cpp
C:\Users\Daniel\source\repos\WoodlandWanderer\Include\OBJloader.h(22,1): warning C4996: 'fopen': This function or variable may be unsafe. Consider using fopen_s instead. To disable deprecation, use _CRT_SECURE_NO_WARNINGS. See online help for details.
C:\Program Files (x86)\Windows Kits\10\Include\10.0.18362.0\ucrt\stdio.h(208): message : see declaration of 'fopen'
C:\Users\Daniel\source\repos\WoodlandWanderer\Include\OBJloader.h(33,1): warning C4996: 'fscanf': This function or variable may be unsafe. Consider using fscanf_s instead. To disable deprecation, use _CRT_SECURE_NO_WARNINGS. See online help for details.
C:\Program Files (x86)\Windows Kits\10\Include\10.0.18362.0\ucrt\stdio.h(1197): message : see declaration of 'fscanf'
C:\Users\Daniel\source\repos\WoodlandWanderer\Include\OBJloader.h(41,1): warning C4996: 'fscanf': This function or variable may be unsafe. Consider using fscanf_s instead. To disable deprecation, use _CRT_SECURE_NO_WARNINGS. See online help for details.
C:\Program Files (x86)\Windows Kits\10\Include\10.0.18362.0\ucrt\stdio.h(1197): message : see declaration of 'fscanf'
C:\Users\Daniel\source\repos\WoodlandWanderer\Include\OBJloader.h(46,1): warning C4996: 'fscanf': This function or variable may be unsafe. Consider using fscanf_s instead. To disable deprecation, use _CRT_SECURE_NO_WARNINGS. See online help for details.
C:\Program Files (x86)\Windows Kits\10\Include\10.0.18362.0\ucrt\stdio.h(1197): message : see declaration of 'fscanf'
C:\Users\Daniel\source\repos\WoodlandWanderer\Include\OBJloader.h(52,1): warning C4996: 'fscanf': This function or variable may be unsafe. Consider using fscanf_s instead. To disable deprecation, use _CRT_SECURE_NO_WARNINGS. See online help for details.
C:\Program Files (x86)\Windows Kits\10\Include\10.0.18362.0\ucrt\stdio.h(1197): message : see declaration of 'fscanf'
C:\Users\Daniel\source\repos\WoodlandWanderer\Include\OBJloader.h(62,1): warning C4996: 'sscanf': This function or variable may be unsafe. Consider using sscanf_s instead. To disable deprecation, use _CRT_SECURE_NO_WARNINGS. See online help for details.
C:\Program Files (x86)\Windows Kits\10\Include\10.0.18362.0\ucrt\stdio.h(2263): message : see declaration of 'sscanf'
C:\Users\Daniel\source\repos\WoodlandWanderer\Include\OBJloader.h(65,1): warning C4996: 'sscanf': This function or variable may be unsafe. Consider using sscanf_s instead. To disable deprecation, use _CRT_SECURE_NO_WARNINGS. See online help for details.
C:\Program Files (x86)\Windows Kits\10\Include\10.0.18362.0\ucrt\stdio.h(2263): message : see declaration of 'sscanf'
C:\Users\Daniel\source\repos\WoodlandWanderer\Include\OBJloader.h(68,1): warning C4996: 'sscanf': This function or variable may be unsafe. Consider using sscanf_s instead. To disable deprecation, use _CRT_SECURE_NO_WARNINGS. See online help for details.
C:\Program Files (x86)\Windows Kits\10\Include\10.0.18362.0\ucrt\stdio.h(2263): message : see declaration of 'sscanf'
C:\Users\Daniel\source\repos\WoodlandWanderer\Include\OBJloader.h(71,1): warning C4996: 'sscanf': This function or variable may be unsafe. Consider using sscanf_s instead. To disable deprecation, use _CRT_SECURE_NO_WARNINGS. See online help for details.
C:\Program Files (x86)\Windows Kits\10\Include\10.0.18362.0\ucrt\stdio.h(2263): message : see declaration of 'sscanf'
  CollidableModel.cpp
C:\Users\Daniel\source\repos\WoodlandWanderer\Include\OBJloader.h(22,1): warning C4996: 'fopen': This function or variable may be unsafe. Consider using fopen_s instead. To disable deprecation, use _CRT_SECURE_NO_WARNINGS. See online help for details.
C:\Program Files (x86)\Windows Kits\10\Include\10.0.18362.0\ucrt\stdio.h(208): message : see declaration of 'fopen'
C:\Users\Daniel\source\repos\WoodlandWanderer\Include\OBJloader.h(33,1): warning C4996: 'fscanf': This function or variable may be unsafe. Consider using fscanf_s instead. To disable deprecation, use _CRT_SECURE_NO_WARNINGS. See online help for details.
C:\Program Files (x86)\Windows Kits\10\Include\10.0.18362.0\ucrt\stdio.h(1197): message : see declaration of 'fscanf'
C:\Users\Daniel\source\repos\WoodlandWanderer\Include\OBJloader.h(41,1): warning C4996: 'fscanf': This function or variable may be unsafe. Consider using fscanf_s instead. To disable deprecation, use _CRT_SECURE_NO_WARNINGS. See online help for details.
C:\Program Files (x86)\Windows Kits\10\Include\10.0.18362.0\ucrt\stdio.h(1197): message : see declaration of 'fscanf'
C:\Users\Daniel\source\repos\WoodlandWanderer\Include\OBJloader.h(46,1): warning C4996: 'fscanf': This function or variable may be unsafe. Consider using fscanf_s instead. To disable deprecation, use _CRT_SECURE_NO_WARNINGS. See online help for details.
C:\Program Files (x86)\Windows Kits\10\Include\10.0.18362.0\ucrt\stdio.h(1197): message : see declaration of 'fscanf'
C:\Users\Daniel\source\repos\WoodlandWanderer\Include\OBJloader.h(52,1): warning C4996: 'fscanf': This function or variable may be unsafe. Consider using fscanf_s instead. To disable deprecation, use _CRT_SECURE_NO_WARNINGS. See online help for details.
C:\Program Files (x86)\Windows Kits\10\Include\10.0.18362.0\ucrt\stdio.h(1197): message : see declaration of 'fscanf'
C:\Users\Daniel\source\repos\WoodlandWanderer\Include\OBJloader.h(62,1): warning C4996: 'sscanf': This function or variable may be unsafe. Consider using sscanf_s instead. To disable deprecation, use _CRT_SECURE_NO_WARNINGS. See online help for details.
C:\Program Files (x86)\Windows Kits\10\Include\10.0.18362.0\ucrt\stdio.h(2263): message : see declaration of 'sscanf'
C:\Users\Daniel\source\repos\WoodlandWanderer\Include\OBJloader.h(65,1): warning C4996: 'sscanf': This function or variable may be unsafe. Consider using sscanf_s instead. To disable deprecation, use _CRT_SECURE_NO_WARNINGS. See online help for details.
C:\Program Files (x86)\Windows Kits\10\Include\10.0.18362.0\ucrt\stdio.h(2263): message : see declaration of 'sscanf'
C:\Users\Daniel\source\repos\WoodlandWanderer\Include\OBJloader.h(68,1): warning C4996: 'sscanf': This function or variable may be unsafe. Consider using sscanf_s instead. To disable deprecation, use _CRT_SECURE_NO_WARNINGS. See online help for details.
C:\Program Files (x86)\Windows Kits\10\Include\10.0.18362.0\ucrt\stdio.h(2263): message : see declaration of 'sscanf'
C:\Users\Daniel\source\repos\WoodlandWanderer\Include\OBJloader.h(71,1): warning C4996: 'sscanf': This function or variable may be unsafe. Consider using sscanf_s instead. To disable deprecation, use _CRT_SECURE_NO_WARNINGS. See online help for details.
C:\Program Files (x86)\Windows Kits\10\Include\10.0.18362.0\ucrt\stdio.h(2263): message : see declaration of 'sscanf'
  Forest.cpp
C:\Users\Daniel\source\repos\WoodlandWanderer\Include\OBJloader.h(22,1): warning C4996: 'fopen': This function or variable may be unsafe. Consider using fopen_s instead. To disable deprecation, use _CRT_SECURE_NO_WARNINGS. See online help for details.
C:\Program Files (x86)\Windows Kits\10\Include\10.0.18362.0\ucrt\stdio.h(208): message : see declaration of 'fopen'
C:\Users\Daniel\source\repos\WoodlandWanderer\Include\OBJloader.h(33,1): warning C4996: 'fscanf': This function or variable may be unsafe. Consider using fscanf_s instead. To disable deprecation, use _CRT_SECURE_NO_WARNINGS. See online help for details.
C:\Program Files (x86)\Windows Kits\10\Include\10.0.18362.0\ucrt\stdio.h(1197): message : see declaration of 'fscanf'
C:\Users\Daniel\source\repos\WoodlandWanderer\Include\OBJloader.h(41,1): warning C4996: 'fscanf': This function or variable may be unsafe. Consider using fscanf_s instead. To disable deprecation, use _CRT_SECURE_NO_WARNINGS. See online help for details.
C:\Program Files (x86)\Windows Kits\10\Include\10.0.18362.0\ucrt\stdio.h(1197): message : see declaration of 'fscanf'
C:\Users\Daniel\source\repos\WoodlandWanderer\Include\OBJloader.h(46,1): warning C4996: 'fscanf': This function or variable may be unsafe. Consider using fscanf_s instead. To disable deprecation, use _CRT_SECURE_NO_WARNINGS. See online help for details.
C:\Program Files (x86)\Windows Kits\10\Include\10.0.18362.0\ucrt\stdio.h(1197): message : see declaration of 'fscanf'
C:\Users\Daniel\source\repos\WoodlandWanderer\Include\OBJloader.h(52,1): warning C4996: 'fscanf': This function or variable may be unsafe. Consider using fscanf_s instead. To disable deprecation, use _CRT_SECURE_NO_WARNINGS. See online help for details.
C:\Program Files (x86)\Windows Kits\10\Include\10.0.18362.0\ucrt\stdio.h(1197): message : see declaration of 'fscanf'
C:\Users\Daniel\source\repos\WoodlandWanderer\Include\OBJloader.h(62,1): warning C4996: 'sscanf': This function or variable may be unsafe. Consider using sscanf_s instead. To disable deprecation, use _CRT_SECURE_NO_WARNINGS. See online help for details.
C:\Program Files (x86)\Windows Kits\10\Include\10.0.18362.0\ucrt\stdio.h(2263): message : see declaration of 'sscanf'
C:\Users\Daniel\source\repos\WoodlandWanderer\Include\OBJloader.h(65,1): warning C4996: 'sscanf': This function or variable may be unsafe. Consider using sscanf_s instead. To disable deprecation, use _CRT_SECURE_NO_WARNINGS. See online help for details.
C:\Program Files (x86)\Windows Kits\10\Include\10.0.18362.0\ucrt\stdio.h(2263): message : see declaration of 'sscanf'
C:\Users\Daniel\source\repos\WoodlandWanderer\Include\OBJloader.h(68,1): warning C4996: 'sscanf': This function or variable may be unsafe. Consider using sscanf_s instead. To disable deprecation, use _CRT_SECURE_NO_WARNINGS. See online help for details.
C:\Program Files (x86)\Windows Kits\10\Include\10.0.18362.0\ucrt\stdio.h(2263): message : see declaration of 'sscanf'
C:\Users\Daniel\source\repos\WoodlandWanderer\Include\OBJloader.h(71,1): warning C4996: 'sscanf': This function or variable may be unsafe. Consider using sscanf_s instead. To disable deprecation, use _CRT_SECURE_NO_WARNINGS. See online help for details.
C:\Program Files (x86)\Windows Kits\10\Include\10.0.18362.0\ucrt\stdio.h(2263): message : see declaration of 'sscanf'
  Model.cpp
C:\Users\Daniel\source\repos\WoodlandWanderer\Include\OBJloader.h(22,1): warning C4996: 'fopen': This function or variable may be unsafe. Consider using fopen_s instead. To disable deprecation, use _CRT_SECURE_NO_WARNINGS. See online help for details.
C:\Program Files (x86)\Windows Kits\10\Include\10.0.18362.0\ucrt\stdio.h(208): message : see declaration of 'fopen'
C:\Users\Daniel\source\repos\WoodlandWanderer\Include\OBJloader.h(33,1): warning C4996: 'fscanf': This function or variable may be unsafe. Consider using fscanf_s instead. To disable deprecation, use _CRT_SECURE_NO_WARNINGS. See online help for details.
C:\Program Files (x86)\Windows Kits\10\Include\10.0.18362.0\ucrt\stdio.h(1197): message : see declaration of 'fscanf'
C:\Users\Daniel\source\repos\WoodlandWanderer\Include\OBJloader.h(41,1): warning C4996: 'fscanf': This function or variable may be unsafe. Consider using fscanf_s instead. To disable deprecation, use _CRT_SECURE_NO_WARNINGS. See online help for details.
C:\Program Files (x86)\Windows Kits\10\Include\10.0.18362.0\ucrt\stdio.h(1197): message : see declaration of 'fscanf'
C:\Users\Daniel\source\repos\WoodlandWanderer\Include\OBJloader.h(46,1): warning C4996: 'fscanf': This function or variable may be unsafe. Consider using fscanf_s instead. To disable deprecation, use _CRT_SECURE_NO_WARNINGS. See online help for details.
C:\Program Files (x86)\Windows Kits\10\Include\10.0.18362.0\ucrt\stdio.h(1197): message : see declaration of 'fscanf'
C:\Users\Daniel\source\repos\WoodlandWanderer\Include\OBJloader.h(52,1): warning C4996: 'fscanf': This function or variable may be unsafe. Consider using fscanf_s instead. To disable deprecation, use _CRT_SECURE_NO_WARNINGS. See online help for details.
C:\Program Files (x86)\Windows Kits\10\Include\10.0.18362.0\ucrt\stdio.h(1197): message : see declaration of 'fscanf'
C:\Users\Daniel\source\repos\WoodlandWanderer\Include\OBJloader.h(62,1): warning C4996: 'sscanf': This function or variable may be unsafe. Consider using sscanf_s instead. To disable deprecation, use _CRT_SECURE_NO_WARNINGS. See online help for details.
C:\Program Files (x86)\Windows Kits\10\Include\10.0.18362.0\ucrt\stdio.h(2263): message : see declaration of 'sscanf'
C:\Users\Daniel\source\repos\WoodlandWanderer\Include\OBJloader.h(65,1): warning C4996: 'sscanf': This function or variable may be unsafe. Consider using sscanf_s instead. To disable deprecation, use _CRT_SECURE_NO_WARNINGS. See online help for details.
C:\Program Files (x86)\Windows Kits\10\Include\10.0.18362.0\ucrt\stdio.h(2263): message : see declaration of 'sscanf'
C:\Users\Daniel\source\repos\WoodlandWanderer\Include\OBJloader.h(68,1): warning C4996: 'sscanf': This function or variable may be unsafe. Consider using sscanf_s instead. To disable deprecation, use _CRT_SECURE_NO_WARNINGS. See online help for details.
C:\Program Files (x86)\Windows Kits\10\Include\10.0.18362.0\ucrt\stdio.h(2263): message : see declaration of 'sscanf'
C:\Users\Daniel\source\repos\WoodlandWanderer\Include\OBJloader.h(71,1): warning C4996: 'sscanf': This function or variable may be unsafe. Consider using sscanf_s instead. To disable deprecation, use _CRT_SECURE_NO_WARNINGS. See online help for details.
C:\Program Files (x86)\Windows Kits\10\Include\10.0.18362.0\ucrt\stdio.h(2263): message : see declaration of 'sscanf'
  Main.cpp
C:\Users\Daniel\source\repos\WoodlandWanderer\Include\OBJloader.h(22,1): warning C4996: 'fopen': This function or variable may be unsafe. Consider using fopen_s instead. To disable deprecation, use _CRT_SECURE_NO_WARNINGS. See online help for details.
C:\Program Files (x86)\Windows Kits\10\Include\10.0.18362.0\ucrt\stdio.h(208): message : see declaration of 'fopen'
C:\Users\Daniel\source\repos\WoodlandWanderer\Include\OBJloader.h(33,1): warning C4996: 'fscanf': This function or variable may be unsafe. Consider using fscanf_s instead. To disable deprecation, use _CRT_SECURE_NO_WARNINGS. See online help for details.
C:\Program Files (x86)\Windows Kits\10\Include\10.0.18362.0\ucrt\stdio.h(1197): message : see declaration of 'fscanf'
C:\Users\Daniel\source\repos\WoodlandWanderer\Include\OBJloader.h(41,1): warning C4996: 'fscanf': This function or variable may be unsafe. Consider using fscanf_s instead. To disable deprecation, use _CRT_SECURE_NO_WARNINGS. See online help for details.
C:\Program Files (x86)\Windows Kits\10\Include\10.0.18362.0\ucrt\stdio.h(1197): message : see declaration of 'fscanf'
C:\Users\Daniel\source\repos\WoodlandWanderer\Include\OBJloader.h(46,1): warning C4996: 'fscanf': This function or variable may be unsafe. Consider using fscanf_s instead. To disable deprecation, use _CRT_SECURE_NO_WARNINGS. See online help for details.
C:\Program Files (x86)\Windows Kits\10\Include\10.0.18362.0\ucrt\stdio.h(1197): message : see declaration of 'fscanf'
C:\Users\Daniel\source\repos\WoodlandWanderer\Include\OBJloader.h(52,1): warning C4996: 'fscanf': This function or variable may be unsafe. Consider using fscanf_s instead. To disable deprecation, use _CRT_SECURE_NO_WARNINGS. See online help for details.
C:\Program Files (x86)\Windows Kits\10\Include\10.0.18362.0\ucrt\stdio.h(1197): message : see declaration of 'fscanf'
C:\Users\Daniel\source\repos\WoodlandWanderer\Include\OBJloader.h(62,1): warning C4996: 'sscanf': This function or variable may be unsafe. Consider using sscanf_s instead. To disable deprecation, use _CRT_SECURE_NO_WARNINGS. See online help for details.
C:\Program Files (x86)\Windows Kits\10\Include\10.0.18362.0\ucrt\stdio.h(2263): message : see declaration of 'sscanf'
C:\Users\Daniel\source\repos\WoodlandWanderer\Include\OBJloader.h(65,1): warning C4996: 'sscanf': This function or variable may be unsafe. Consider using sscanf_s instead. To disable deprecation, use _CRT_SECURE_NO_WARNINGS. See online help for details.
C:\Program Files (x86)\Windows Kits\10\Include\10.0.18362.0\ucrt\stdio.h(2263): message : see declaration of 'sscanf'
C:\Users\Daniel\source\repos\WoodlandWanderer\Include\OBJloader.h(68,1): warning C4996: 'sscanf': This function or variable may be unsafe. Consider using sscanf_s instead. To disable deprecation, use _CRT_SECURE_NO_WARNINGS. See online help for details.
C:\Program Files (x86)\Windows Kits\10\Include\10.0.18362.0\ucrt\stdio.h(2263): message : see declaration of 'sscanf'
C:\Users\Daniel\source\repos\WoodlandWanderer\Include\OBJloader.h(71,1): warning C4996: 'sscanf': This function or variable may be unsafe. Consider using sscanf_s instead. To disable deprecation, use _CRT_SECURE_NO_WARNINGS. See online help for details.
C:\Program Files (x86)\Windows Kits\10\Include\10.0.18362.0\ucrt\stdio.h(2263): message : see declaration of 'sscanf'
  NonCollidableModel.cpp
C:\Users\Daniel\source\repos\WoodlandWanderer\Include\OBJloader.h(22,1): warning C4996: 'fopen': This function or variable may be unsafe. Consider using fopen_s instead. To disable deprecation, use _CRT_SECURE_NO_WARNINGS. See online help for details.
C:\Program Files (x86)\Windows Kits\10\Include\10.0.18362.0\ucrt\stdio.h(208): message : see declaration of 'fopen'
C:\Users\Daniel\source\repos\WoodlandWanderer\Include\OBJloader.h(33,1): warning C4996: 'fscanf': This function or variable may be unsafe. Consider using fscanf_s instead. To disable deprecation, use _CRT_SECURE_NO_WARNINGS. See online help for details.
C:\Program Files (x86)\Windows Kits\10\Include\10.0.18362.0\ucrt\stdio.h(1197): message : see declaration of 'fscanf'
C:\Users\Daniel\source\repos\WoodlandWanderer\Include\OBJloader.h(41,1): warning C4996: 'fscanf': This function or variable may be unsafe. Consider using fscanf_s instead. To disable deprecation, use _CRT_SECURE_NO_WARNINGS. See online help for details.
C:\Program Files (x86)\Windows Kits\10\Include\10.0.18362.0\ucrt\stdio.h(1197): message : see declaration of 'fscanf'
C:\Users\Daniel\source\repos\WoodlandWanderer\Include\OBJloader.h(46,1): warning C4996: 'fscanf': This function or variable may be unsafe. Consider using fscanf_s instead. To disable deprecation, use _CRT_SECURE_NO_WARNINGS. See online help for details.
C:\Program Files (x86)\Windows Kits\10\Include\10.0.18362.0\ucrt\stdio.h(1197): message : see declaration of 'fscanf'
C:\Users\Daniel\source\repos\WoodlandWanderer\Include\OBJloader.h(52,1): warning C4996: 'fscanf': This function or variable may be unsafe. Consider using fscanf_s instead. To disable deprecation, use _CRT_SECURE_NO_WARNINGS. See online help for details.
C:\Program Files (x86)\Windows Kits\10\Include\10.0.18362.0\ucrt\stdio.h(1197): message : see declaration of 'fscanf'
C:\Users\Daniel\source\repos\WoodlandWanderer\Include\OBJloader.h(62,1): warning C4996: 'sscanf': This function or variable may be unsafe. Consider using sscanf_s instead. To disable deprecation, use _CRT_SECURE_NO_WARNINGS. See online help for details.
C:\Program Files (x86)\Windows Kits\10\Include\10.0.18362.0\ucrt\stdio.h(2263): message : see declaration of 'sscanf'
C:\Users\Daniel\source\repos\WoodlandWanderer\Include\OBJloader.h(65,1): warning C4996: 'sscanf': This function or variable may be unsafe. Consider using sscanf_s instead. To disable deprecation, use _CRT_SECURE_NO_WARNINGS. See online help for details.
C:\Program Files (x86)\Windows Kits\10\Include\10.0.18362.0\ucrt\stdio.h(2263): message : see declaration of 'sscanf'
C:\Users\Daniel\source\repos\WoodlandWanderer\Include\OBJloader.h(68,1): warning C4996: 'sscanf': This function or variable may be unsafe. Consider using sscanf_s instead. To disable deprecation, use _CRT_SECURE_NO_WARNINGS. See online help for details.
C:\Program Files (x86)\Windows Kits\10\Include\10.0.18362.0\ucrt\stdio.h(2263): message : see declaration of 'sscanf'
C:\Users\Daniel\source\repos\WoodlandWanderer\Include\OBJloader.h(71,1): warning C4996: 'sscanf': This function or variable may be unsafe. Consider using sscanf_s instead. To disable deprecation, use _CRT_SECURE_NO_WARNINGS. See online help for details.
C:\Program Files (x86)\Windows Kits\10\Include\10.0.18362.0\ucrt\stdio.h(2263): message : see declaration of 'sscanf'
  Tile.cpp
C:\Users\Daniel\source\repos\WoodlandWanderer\Include\OBJloader.h(22,1): warning C4996: 'fopen': This function or variable may be unsafe. Consider using fopen_s instead. To disable deprecation, use _CRT_SECURE_NO_WARNINGS. See online help for details.
C:\Program Files (x86)\Windows Kits\10\Include\10.0.18362.0\ucrt\stdio.h(208): message : see declaration of 'fopen'
C:\Users\Daniel\source\repos\WoodlandWanderer\Include\OBJloader.h(33,1): warning C4996: 'fscanf': This function or variable may be unsafe. Consider using fscanf_s instead. To disable deprecation, use _CRT_SECURE_NO_WARNINGS. See online help for details.
C:\Program Files (x86)\Windows Kits\10\Include\10.0.18362.0\ucrt\stdio.h(1197): message : see declaration of 'fscanf'
C:\Users\Daniel\source\repos\WoodlandWanderer\Include\OBJloader.h(41,1): warning C4996: 'fscanf': This function or variable may be unsafe. Consider using fscanf_s instead. To disable deprecation, use _CRT_SECURE_NO_WARNINGS. See online help for details.
C:\Program Files (x86)\Windows Kits\10\Include\10.0.18362.0\ucrt\stdio.h(1197): message : see declaration of 'fscanf'
C:\Users\Daniel\source\repos\WoodlandWanderer\Include\OBJloader.h(46,1): warning C4996: 'fscanf': This function or variable may be unsafe. Consider using fscanf_s instead. To disable deprecation, use _CRT_SECURE_NO_WARNINGS. See online help for details.
C:\Program Files (x86)\Windows Kits\10\Include\10.0.18362.0\ucrt\stdio.h(1197): message : see declaration of 'fscanf'
C:\Users\Daniel\source\repos\WoodlandWanderer\Include\OBJloader.h(52,1): warning C4996: 'fscanf': This function or variable may be unsafe. Consider using fscanf_s instead. To disable deprecation, use _CRT_SECURE_NO_WARNINGS. See online help for details.
C:\Program Files (x86)\Windows Kits\10\Include\10.0.18362.0\ucrt\stdio.h(1197): message : see declaration of 'fscanf'
C:\Users\Daniel\source\repos\WoodlandWanderer\Include\OBJloader.h(62,1): warning C4996: 'sscanf': This function or variable may be unsafe. Consider using sscanf_s instead. To disable deprecation, use _CRT_SECURE_NO_WARNINGS. See online help for details.
C:\Program Files (x86)\Windows Kits\10\Include\10.0.18362.0\ucrt\stdio.h(2263): message : see declaration of 'sscanf'
C:\Users\Daniel\source\repos\WoodlandWanderer\Include\OBJloader.h(65,1): warning C4996: 'sscanf': This function or variable may be unsafe. Consider using sscanf_s instead. To disable deprecation, use _CRT_SECURE_NO_WARNINGS. See online help for details.
C:\Program Files (x86)\Windows Kits\10\Include\10.0.18362.0\ucrt\stdio.h(2263): message : see declaration of 'sscanf'
C:\Users\Daniel\source\repos\WoodlandWanderer\Include\OBJloader.h(68,1): warning C4996: 'sscanf': This function or variable may be unsafe. Consider using sscanf_s instead. To disable deprecation, use _CRT_SECURE_NO_WARNINGS. See online help for details.
C:\Program Files (x86)\Windows Kits\10\Include\10.0.18362.0\ucrt\stdio.h(2263): message : see declaration of 'sscanf'
C:\Users\Daniel\source\repos\WoodlandWanderer\Include\OBJloader.h(71,1): warning C4996: 'sscanf': This function or variable may be unsafe. Consider using sscanf_s instead. To disable deprecation, use _CRT_SECURE_NO_WARNINGS. See online help for details.
C:\Program Files (x86)\Windows Kits\10\Include\10.0.18362.0\ucrt\stdio.h(2263): message : see declaration of 'sscanf'
C:\Users\Daniel\source\repos\WoodlandWanderer\Source\Tile.cpp(13,12): warning C4244: 'argument': conversion from 'time_t' to 'unsigned int', possible loss of data
C:\Users\Daniel\source\repos\WoodlandWanderer\Source\Tile.cpp(16,19): warning C4244: 'initializing': conversion from 'double' to 'float', possible loss of data
  Generating Code...
CollidableModel.obj : error LNK2005: "bool __cdecl loadOBJ(char const *,class std::vector<struct glm::vec<3,float,0>,class std::allocator<struct glm::vec<3,float,0> > > &,class std::vector<struct glm::vec<3,float,0>,class std::allocator<struct glm::vec<3,float,0> > > &,class std::vector<struct glm::vec<2,float,0>,class std::allocator<struct glm::vec<2,float,0> > > &)" (?loadOBJ@@YA_NPBDAAV?$vector@U?$vec@$02M$0A@@glm@@V?$allocator@U?$vec@$02M$0A@@glm@@@std@@@std@@1AAV?$vector@U?$vec@$01M$0A@@glm@@V?$allocator@U?$vec@$01M$0A@@glm@@@std@@@2@@Z) already defined in Acre.obj
Forest.obj : error LNK2005: "bool __cdecl loadOBJ(char const *,class std::vector<struct glm::vec<3,float,0>,class std::allocator<struct glm::vec<3,float,0> > > &,class std::vector<struct glm::vec<3,float,0>,class std::allocator<struct glm::vec<3,float,0> > > &,class std::vector<struct glm::vec<2,float,0>,class std::allocator<struct glm::vec<2,float,0> > > &)" (?loadOBJ@@YA_NPBDAAV?$vector@U?$vec@$02M$0A@@glm@@V?$allocator@U?$vec@$02M$0A@@glm@@@std@@@std@@1AAV?$vector@U?$vec@$01M$0A@@glm@@V?$allocator@U?$vec@$01M$0A@@glm@@@std@@@2@@Z) already defined in Acre.obj
Model.obj : error LNK2005: "bool __cdecl loadOBJ(char const *,class std::vector<struct glm::vec<3,float,0>,class std::allocator<struct glm::vec<3,float,0> > > &,class std::vector<struct glm::vec<3,float,0>,class std::allocator<struct glm::vec<3,float,0> > > &,class std::vector<struct glm::vec<2,float,0>,class std::allocator<struct glm::vec<2,float,0> > > &)" (?loadOBJ@@YA_NPBDAAV?$vector@U?$vec@$02M$0A@@glm@@V?$allocator@U?$vec@$02M$0A@@glm@@@std@@@std@@1AAV?$vector@U?$vec@$01M$0A@@glm@@V?$allocator@U?$vec@$01M$0A@@glm@@@std@@@2@@Z) already defined in Acre.obj
Main.obj : error LNK2005: "bool __cdecl loadOBJ(char const *,class std::vector<struct glm::vec<3,float,0>,class std::allocator<struct glm::vec<3,float,0> > > &,class std::vector<struct glm::vec<3,float,0>,class std::allocator<struct glm::vec<3,float,0> > > &,class std::vector<struct glm::vec<2,float,0>,class std::allocator<struct glm::vec<2,float,0> > > &)" (?loadOBJ@@YA_NPBDAAV?$vector@U?$vec@$02M$0A@@glm@@V?$allocator@U?$vec@$02M$0A@@glm@@@std@@@std@@1AAV?$vector@U?$vec@$01M$0A@@glm@@V?$allocator@U?$vec@$01M$0A@@glm@@@std@@@2@@Z) already defined in Acre.obj
NonCollidableModel.obj : error LNK2005: "bool __cdecl loadOBJ(char const *,class std::vector<struct glm::vec<3,float,0>,class std::allocator<struct glm::vec<3,float,0> > > &,class std::vector<struct glm::vec<3,float,0>,class std::allocator<struct glm::vec<3,float,0> > > &,class std::vector<struct glm::vec<2,float,0>,class std::allocator<struct glm::vec<2,float,0> > > &)" (?loadOBJ@@YA_NPBDAAV?$vector@U?$vec@$02M$0A@@glm@@V?$allocator@U?$vec@$02M$0A@@glm@@@std@@@std@@1AAV?$vector@U?$vec@$01M$0A@@glm@@V?$allocator@U?$vec@$01M$0A@@glm@@@std@@@2@@Z) already defined in Acre.obj
Tile.obj : error LNK2005: "bool __cdecl loadOBJ(char const *,class std::vector<struct glm::vec<3,float,0>,class std::allocator<struct glm::vec<3,float,0> > > &,class std::vector<struct glm::vec<3,float,0>,class std::allocator<struct glm::vec<3,float,0> > > &,class std::vector<struct glm::vec<2,float,0>,class std::allocator<struct glm::vec<2,float,0> > > &)" (?loadOBJ@@YA_NPBDAAV?$vector@U?$vec@$02M$0A@@glm@@V?$allocator@U?$vec@$02M$0A@@glm@@@std@@@std@@1AAV?$vector@U?$vec@$01M$0A@@glm@@V?$allocator@U?$vec@$01M$0A@@glm@@@std@@@2@@Z) already defined in Acre.obj
LINK : warning LNK4098: defaultlib 'LIBCMT' conflicts with use of other libs; use /NODEFAULTLIB:library
LINK : warning LNK4098: defaultlib 'MSVCRT' conflicts with use of other libs; use /NODEFAULTLIB:library
LINK : warning LNK4286: symbol '___glewBindBuffer' defined in 'glew32s.lib(glew.obj)' is imported by 'Model.obj'
LINK : warning LNK4286: symbol '___glewBindBuffer' defined in 'glew32s.lib(glew.obj)' is imported by 'Snowman.obj'
LINK : warning LNK4286: symbol '___glewBufferData' defined in 'glew32s.lib(glew.obj)' is imported by 'Model.obj'
LINK : warning LNK4286: symbol '___glewGenBuffers' defined in 'glew32s.lib(glew.obj)' is imported by 'Model.obj'
LINK : warning LNK4286: symbol '___glewEnableVertexAttribArray' defined in 'glew32s.lib(glew.obj)' is imported by 'Model.obj'
LINK : warning LNK4286: symbol '___glewUniform3fv' defined in 'glew32s.lib(glew.obj)' is imported by 'Model.obj'
LINK : warning LNK4286: symbol '___glewUniform3fv' defined in 'glew32s.lib(glew.obj)' is imported by 'Snowman.obj'
LINK : warning LNK4286: symbol '___glewUniformMatrix4fv' defined in 'glew32s.lib(glew.obj)' is imported by 'Model.obj'
LINK : warning LNK4286: symbol '___glewUniformMatrix4fv' defined in 'glew32s.lib(glew.obj)' is imported by 'Snowman.obj'
LINK : warning LNK4286: symbol '___glewVertexAttribPointer' defined in 'glew32s.lib(glew.obj)' is imported by 'Model.obj'
LINK : warning LNK4286: symbol '___glewBindVertexArray' defined in 'glew32s.lib(glew.obj)' is imported by 'Model.obj'
LINK : warning LNK4286: symbol '___glewBindVertexArray' defined in 'glew32s.lib(glew.obj)' is imported by 'Snowman.obj'
LINK : warning LNK4286: symbol '___glewGenVertexArrays' defined in 'glew32s.lib(glew.obj)' is imported by 'Model.obj'
LINK : warning LNK4286: symbol '___glewUseProgram' defined in 'glew32s.lib(glew.obj)' is imported by 'Snowman.obj'
C:\Users\Daniel\source\repos\WoodlandWanderer\VS2017\\..\Bin\Labs-Debug.exe : fatal error LNK1169: one or more multiply defined symbols found
